<?xml version="1.0" encoding="UTF-8"?>
<testng-results ignored="0" total="1" passed="1" failed="0" skipped="0">
  <reporter-output>
  </reporter-output>
  <suite started-at="2023-12-17T17:07:57 ICT" name="Default Suite" finished-at="2023-12-17T17:08:07 ICT" duration-ms="10133">
    <groups>
    </groups>
    <test started-at="2023-12-17T17:07:57 ICT" name="Day7" finished-at="2023-12-17T17:08:07 ICT" duration-ms="10133">
      <class name="org.example.testsuite.Hw_Day17_Bai1">
        <test-method is-config="true" signature="openChrome(java.lang.String)[pri:0, instance:org.example.testsuite.Hw_Day17_Bai1@587e5365]" started-at="2023-12-17T17:07:57 ICT" name="openChrome" finished-at="2023-12-17T17:08:06 ICT" duration-ms="8716" status="PASS">
          <params>
            <param index="0">
              <value>
                <![CDATA[chrome]]>
              </value>
            </param>
          </params>
          <reporter-output>
          </reporter-output>
        </test-method> <!-- openChrome -->
        <test-method signature="test_IframeMap()[pri:0, instance:org.example.testsuite.Hw_Day17_Bai1@587e5365]" started-at="2023-12-17T17:08:06 ICT" name="test_IframeMap" finished-at="2023-12-17T17:08:07 ICT" duration-ms="1321" status="PASS">
          <reporter-output>
          </reporter-output>
        </test-method> <!-- test_IframeMap -->
      </class> <!-- org.example.testsuite.Hw_Day17_Bai1 -->
    </test> <!-- Day7 -->
  </suite> <!-- Default Suite -->
</testng-results>
